[debug] [2026-02-01T21:38:10.779Z] ----------------------------------------------------------------------
[debug] [2026-02-01T21:38:10.781Z] Command:       /Users/petersparago/.nvm/versions/node/v20.20.0/bin/node /Users/petersparago/.nvm/versions/node/v20.20.0/bin/firebase init functions
[debug] [2026-02-01T21:38:10.782Z] CLI Version:   15.5.1
[debug] [2026-02-01T21:38:10.782Z] Platform:      darwin
[debug] [2026-02-01T21:38:10.782Z] Node Version:  v20.20.0
[debug] [2026-02-01T21:38:10.782Z] Time:          Sun Feb 01 2026 16:38:10 GMT-0500 (Eastern Standard Time)
[debug] [2026-02-01T21:38:10.782Z] ----------------------------------------------------------------------
[debug] 
[info] 
     ######## #### ########  ######## ########     ###     ######  ########
     ##        ##  ##     ## ##       ##     ##  ##   ##  ##       ##
     ######    ##  ########  ######   ########  #########  ######  ######
     ##        ##  ##    ##  ##       ##     ## ##     ##       ## ##
     ##       #### ##     ## ######## ########  ##     ##  ######  ########

You're about to initialize a Firebase project in this directory:

  /Users/petersparago/code/ProjectMirror

[info] 
=== Project Setup
[info] 
[info] First, let's associate this project directory with a Firebase project.
[info] You can create multiple project aliases by running firebase use --add, 
[info] 
[debug] [2026-02-01T21:38:11.411Z] > command requires scopes: ["email","openid","https://www.googleapis.com/auth/cloudplatformprojects.readonly","https://www.googleapis.com/auth/firebase","https://www.googleapis.com/auth/cloud-platform"]
[debug] [2026-02-01T21:38:11.412Z] > authorizing via signed-in user (peter.sparago@gmail.com)
[debug] [2026-02-01T21:38:11.412Z] Checked if tokens are valid: true, expires at: 1769985231054
[debug] [2026-02-01T21:38:11.413Z] Checked if tokens are valid: true, expires at: 1769985231054
[debug] [2026-02-01T21:38:11.414Z] >>> [apiv2][query] GET https://firebase.googleapis.com/v1beta1/projects/project-mirror-23168 [none]
[debug] [2026-02-01T21:38:11.739Z] <<< [apiv2][status] GET https://firebase.googleapis.com/v1beta1/projects/project-mirror-23168 200
[debug] [2026-02-01T21:38:11.739Z] <<< [apiv2][body] GET https://firebase.googleapis.com/v1beta1/projects/project-mirror-23168 {"projectId":"project-mirror-23168","projectNumber":"870445864294","displayName":"Project Mirror","name":"projects/project-mirror-23168","resources":{"hostingSite":"project-mirror-23168"},"state":"ACTIVE","etag":"1_84dd60b8-bf35-42ea-b830-e0f154108d1a"}
[info] i  Using project project-mirror-23168 (Project Mirror) . 
[info] 
=== Functions Setup
[debug] [2026-02-01T21:38:11.766Z] > command requires scopes: ["email","openid","https://www.googleapis.com/auth/cloudplatformprojects.readonly","https://www.googleapis.com/auth/firebase","https://www.googleapis.com/auth/cloud-platform"]
[debug] [2026-02-01T21:38:11.766Z] > authorizing via signed-in user (peter.sparago@gmail.com)
[debug] [2026-02-01T21:38:11.766Z] [iam] checking project project-mirror-23168 for permissions ["firebase.projects.get"]
[debug] [2026-02-01T21:38:11.766Z] Checked if tokens are valid: true, expires at: 1769985231054
[debug] [2026-02-01T21:38:11.766Z] Checked if tokens are valid: true, expires at: 1769985231054
[debug] [2026-02-01T21:38:11.766Z] >>> [apiv2][query] POST https://cloudresourcemanager.googleapis.com/v1/projects/project-mirror-23168:testIamPermissions [none]
[debug] [2026-02-01T21:38:11.766Z] >>> [apiv2][(partial)header] POST https://cloudresourcemanager.googleapis.com/v1/projects/project-mirror-23168:testIamPermissions  x-goog-user-project=project-mirror-23168
[debug] [2026-02-01T21:38:11.766Z] >>> [apiv2][body] POST https://cloudresourcemanager.googleapis.com/v1/projects/project-mirror-23168:testIamPermissions {"permissions":["firebase.projects.get"]}
[debug] [2026-02-01T21:38:12.042Z] <<< [apiv2][status] POST https://cloudresourcemanager.googleapis.com/v1/projects/project-mirror-23168:testIamPermissions 200
[debug] [2026-02-01T21:38:12.042Z] <<< [apiv2][body] POST https://cloudresourcemanager.googleapis.com/v1/projects/project-mirror-23168:testIamPermissions {"permissions":["firebase.projects.get"]}
[info] Let's create a new codebase for your functions.
[info] A directory corresponding to the codebase will be created in your project
[info] with sample code pre-configured.

[info] See https://firebase.google.com/docs/functions/organize-functions for
[info] more information on organizing your functions using codebases.

[info] Functions can be deployed with firebase deploy.

[debug] [2026-02-01T21:39:09.865Z] ExitPromptError: User force closed the prompt with SIGINT
    at Interface.sigint (/Users/petersparago/.nvm/versions/node/v20.20.0/lib/node_modules/firebase-tools/node_modules/@inquirer/core/dist/commonjs/lib/create-prompt.js:101:37)
    at Interface.emit (node:events:524:28)
    at [_ttyWrite] [as _ttyWrite] (node:internal/readline/interface:1134:18)
    at ReadStream.onkeypress (node:internal/readline/interface:267:20)
    at ReadStream.emit (node:events:536:35)
    at emitKeys (node:internal/readline/utils:371:14)
    at emitKeys.next (<anonymous>)
    at ReadStream.onData (node:internal/readline/emitKeypressEvents:64:36)
    at ReadStream.emit (node:events:524:28)
    at addChunk (node:internal/streams/readable:561:12)
[error] 
[error] Error: An unexpected error has occurred.
